2022-08-23 17:12:49 Version 36
2022-08-23 17:12:49 D:\CocosDashboard_1.1.1\resources\.editors\Creator\3.6.0\resources\tools\lightmap-tools/LightFX http://127.0.0.1:8000 
2022-08-23 17:12:49 Texture 'C:\Users\User-1\Dungeon FPS\library\08\08c202ad-d14e-4bb4-8bf8-1bedd015dacc@5e49e.png' loaded
2022-08-23 17:12:49 Texture 'C:\Users\User-1\Dungeon FPS\library\08\08c202ad-d14e-4bb4-8bf8-1bedd015dacc@ef396.png' loaded
2022-08-23 17:12:49 Texture 'C:\Users\User-1\Dungeon FPS\library\08\08c202ad-d14e-4bb4-8bf8-1bedd015dacc@0991f.png' loaded
2022-08-23 17:12:49 Texture 'C:\Users\User-1\Dungeon FPS\library\08\08c202ad-d14e-4bb4-8bf8-1bedd015dacc@84cbb.png' loaded
2022-08-23 17:12:49 Texture 'C:\Users\User-1\Dungeon FPS\library\08\08c202ad-d14e-4bb4-8bf8-1bedd015dacc@a3593.png' loaded
2022-08-23 17:12:49 Texture 'C:\Users\User-1\Dungeon FPS\library\08\08c202ad-d14e-4bb4-8bf8-1bedd015dacc@15db7.png' loaded
2022-08-23 17:12:49 Texture 'C:\Users\User-1\Dungeon FPS\library\08\08c202ad-d14e-4bb4-8bf8-1bedd015dacc@b8c74.png' loaded
2022-08-23 17:12:49 Texture 'C:\Users\User-1\Dungeon FPS\library\08\08c202ad-d14e-4bb4-8bf8-1bedd015dacc@a78e5.png' loaded
2022-08-23 17:12:49 Texture 'C:\Users\User-1\Dungeon FPS\library\08\08c202ad-d14e-4bb4-8bf8-1bedd015dacc@a2acb.png' loaded
2022-08-23 17:12:49 Texture 'C:\Users\User-1\Dungeon FPS\library\08\08c202ad-d14e-4bb4-8bf8-1bedd015dacc@e5f6c.png' loaded
2022-08-23 17:12:49 Texture 'C:\Users\User-1\Dungeon FPS\library\08\08c202ad-d14e-4bb4-8bf8-1bedd015dacc@c0199.png' loaded
2022-08-23 17:12:49 Texture 'C:\Users\User-1\Dungeon FPS\library\08\08c202ad-d14e-4bb4-8bf8-1bedd015dacc@4d01b.png' loaded
2022-08-23 17:12:49 Texture 'C:\Users\User-1\Dungeon FPS\library\08\08c202ad-d14e-4bb4-8bf8-1bedd015dacc@c83b2.png' loaded
2022-08-23 17:12:49 Texture 'C:\Users\User-1\Dungeon FPS\library\08\08c202ad-d14e-4bb4-8bf8-1bedd015dacc@7aeb2.png' loaded
2022-08-23 17:12:49 Texture 'C:\Users\User-1\Dungeon FPS\library\08\08c202ad-d14e-4bb4-8bf8-1bedd015dacc@2489e.png' loaded
2022-08-23 17:12:49 Texture 'C:\Users\User-1\Dungeon FPS\library\08\08c202ad-d14e-4bb4-8bf8-1bedd015dacc@c946b.png' loaded
2022-08-23 17:12:49 Texture 'C:\Users\User-1\Dungeon FPS\library\08\08c202ad-d14e-4bb4-8bf8-1bedd015dacc@dc9bc.png' loaded
2022-08-23 17:12:49 Texture 'C:\Users\User-1\Dungeon FPS\library\08\08c202ad-d14e-4bb4-8bf8-1bedd015dacc@872e7.png' loaded
2022-08-23 17:12:49 Texture 'C:\Users\User-1\Dungeon FPS\library\08\08c202ad-d14e-4bb4-8bf8-1bedd015dacc@3a0ae.png' loaded
2022-08-23 17:12:49 Texture 'C:\Users\User-1\Dungeon FPS\assets\Materials\Barrel.png' loaded
2022-08-23 17:12:49 Texture 'C:\Users\User-1\Dungeon FPS\assets\Materials\Create.png' loaded
2022-08-23 17:12:49 Load Texture 'C:\Users\User-1\Dungeon FPS\assets\Materials\gun5.jpg' failed
2022-08-23 17:12:49 Load Texture 'C:\Users\User-1\Dungeon FPS\assets\Materials\gun5.jpg' failed
2022-08-23 17:12:49 Load Texture 'C:\Users\User-1\Dungeon FPS\assets\Materials\gun5.jpg' failed
2022-08-23 17:12:49 Load Texture 'C:\Users\User-1\Dungeon FPS\assets\Materials\gun5.jpg' failed
2022-08-23 17:12:49 Texture 'C:\Users\User-1\Dungeon FPS\assets\Materials\arms3.png' loaded
2022-08-23 17:12:49 Load Texture 'C:\Users\User-1\Dungeon FPS\assets\Materials\gun1.jpg' failed
2022-08-23 17:12:49 Load Texture 'C:\Users\User-1\Dungeon FPS\assets\Materials\gun2.jpg' failed
2022-08-23 17:12:49 Load Texture 'C:\Users\User-1\Dungeon FPS\assets\Materials\gun5.jpg' failed
2022-08-23 17:12:49 Load Texture 'C:\Users\User-1\Dungeon FPS\assets\Materials\gun4.jpg' failed
2022-08-23 17:12:49 Load Texture 'C:\Users\User-1\Dungeon FPS\assets\Materials\gun1.jpg' failed
2022-08-23 17:12:49 Load Texture 'C:\Users\User-1\Dungeon FPS\assets\Materials\gun2.jpg' failed
2022-08-23 17:12:49 Load Texture 'C:\Users\User-1\Dungeon FPS\assets\Materials\gun3.jpg' failed
2022-08-23 17:12:49 Load Texture 'C:\Users\User-1\Dungeon FPS\assets\Materials\gun4.jpg' failed
2022-08-23 17:12:49 -:Building meshes
2022-08-23 17:12:49 -:Building terrain
2022-08-23 17:12:49 -:Building scene
2022-08-23 17:12:49 -: Starting thread 0
2022-08-23 17:12:49 -: Starting thread 1
2022-08-23 17:12:49 -: Starting thread 2
2022-08-23 17:12:49 -: Starting thread 3
2022-08-23 17:12:49 -: Starting thread 4
2022-08-23 17:12:49 -: Starting thread 5
2022-08-23 17:12:49 -: Starting thread 6
2022-08-23 17:12:49 -: Starting thread 7
2022-08-23 17:12:49 -: Starting thread 8
2022-08-23 17:12:49 -: Starting thread 9
2022-08-23 17:12:50 Start 0

2022-08-23 17:12:50 Build lighting 1

2022-08-23 17:12:50 Build lighting 2

2022-08-23 17:12:50 Build lighting 3

2022-08-23 17:12:50 Build lighting 4

2022-08-23 17:12:50 Build lighting 5

2022-08-23 17:12:50 Build lighting 7

2022-08-23 17:12:50 Build lighting 8

2022-08-23 17:12:50 Build lighting 10

2022-08-23 17:12:51 Build lighting 11

2022-08-23 17:12:51 Build lighting 13

2022-08-23 17:12:52 Build lighting 14

2022-08-23 17:12:52 Build lighting 15

2022-08-23 17:12:52 Build lighting 16

2022-08-23 17:12:52 Build lighting 17

2022-08-23 17:12:52 Build lighting 19

2022-08-23 17:12:53 Build lighting 20

2022-08-23 17:12:53 Build lighting 21

2022-08-23 17:12:54 Build lighting 22

2022-08-23 17:12:55 Build lighting 23

2022-08-23 17:12:55 Build lighting 25

2022-08-23 17:12:55 Build lighting 26

2022-08-23 17:12:55 Build lighting 27

2022-08-23 17:12:55 Build lighting 28

2022-08-23 17:12:57 Build lighting 29

2022-08-23 17:12:57 Build lighting 30

2022-08-23 17:12:57 Build lighting 32

2022-08-23 17:12:57 Build lighting 33

2022-08-23 17:12:57 Build lighting 34

2022-08-23 17:12:59 Build lighting 35

2022-08-23 17:12:59 Build lighting 36

2022-08-23 17:13:00 Build lighting 38

2022-08-23 17:13:00 Build lighting 39

2022-08-23 17:13:00 Build lighting 40

2022-08-23 17:13:00 Build lighting 41

2022-08-23 17:13:00 Build lighting 42

2022-08-23 17:13:01 Build lighting 44

2022-08-23 17:13:01 Build lighting 45

2022-08-23 17:13:02 Build lighting 46

2022-08-23 17:13:02 Build lighting 47

2022-08-23 17:13:02 Build lighting 48

2022-08-23 17:13:02 Build lighting 50

2022-08-23 17:13:02 Build lighting 51

2022-08-23 17:13:03 Build lighting 52

2022-08-23 17:13:03 Build lighting 53

2022-08-23 17:13:03 Build lighting 54

2022-08-23 17:13:04 Build lighting 55

2022-08-23 17:13:04 Build lighting 57

2022-08-23 17:13:04 Build lighting 58

2022-08-23 17:13:05 Build lighting 59

2022-08-23 17:13:05 Build lighting 60

2022-08-23 17:13:05 Build lighting 61

2022-08-23 17:13:05 Build lighting 63

2022-08-23 17:13:05 Build lighting 64

2022-08-23 17:13:06 Build lighting 65

2022-08-23 17:13:06 Build lighting 66

2022-08-23 17:13:07 Build lighting 67

2022-08-23 17:13:07 Build lighting 69

2022-08-23 17:13:07 Build lighting 70

2022-08-23 17:13:07 Build lighting 71

2022-08-23 17:13:07 Build lighting 72

2022-08-23 17:13:07 Build lighting 73

2022-08-23 17:13:07 Build lighting 75

2022-08-23 17:13:08 Build lighting 76

2022-08-23 17:13:08 Build lighting 77

2022-08-23 17:13:08 Build lighting 78

2022-08-23 17:13:08 Build lighting 79

2022-08-23 17:13:08 Build lighting 80

2022-08-23 17:13:09 Build lighting 82

2022-08-23 17:13:09 Build lighting 83

2022-08-23 17:13:09 Build lighting 84

2022-08-23 17:13:09 Build lighting 85

2022-08-23 17:13:09 Build lighting 86

2022-08-23 17:13:09 Build lighting 88

2022-08-23 17:13:09 Build lighting 89

2022-08-23 17:13:10 Build lighting 90

2022-08-23 17:13:10 Build lighting 91

2022-08-23 17:13:10 Build lighting 92

2022-08-23 17:13:10 Build lighting 94

2022-08-23 17:13:10 Build lighting 95

2022-08-23 17:13:10 Build lighting 96

2022-08-23 17:13:10 Build lighting 97

2022-08-23 17:13:11 Build lighting 98

2022-08-23 17:13:11 Build lighting 100

2022-08-23 17:13:11 Save world...
2022-08-23 17:13:11 Writing lfx file 'output/lfx.o'
2022-08-23 17:13:11 Pack terrain 0 blocks 0 0 5 8
2022-08-23 17:13:11 Save lighting map output/LFX_Terrain_0000.png
2022-08-23 17:13:11 Pack terrain 0 blocks 0 8 5 7
2022-08-23 17:13:11 Save lighting map output/LFX_Terrain_0001.png
2022-08-23 17:13:11 Pack mesh 12
2022-08-23 17:13:11 Pack mesh 13
2022-08-23 17:13:11 Pack mesh 14
2022-08-23 17:13:11 Pack mesh 15
2022-08-23 17:13:11 Pack mesh 16
2022-08-23 17:13:11 Pack mesh 17
2022-08-23 17:13:11 Pack mesh 18
2022-08-23 17:13:11 Pack mesh 19
2022-08-23 17:13:11 Save lighting map output/LFX_Mesh_0000.png
2022-08-23 17:13:11 Writing lfx file end.
2022-08-23 17:13:11 Save world end.
2022-08-23 17:13:11 Clear world...
2022-08-23 17:13:11 Clear world end.
2022-08-23 17:13:11 Emit finished
2022-08-23 17:13:11 Delete world
2022-08-23 17:13:11 Wait to stop
